<?xml version="1.0" encoding="UTF-8"?>
<testng-results ignored="0" total="1" passed="1" failed="0" skipped="0">
  <reporter-output>
    <line>
      <![CDATA[setting up and Test is getting ready]]>
    </line>
    <line>
      <![CDATA[setting up and Test can be started]]>
    </line>
    <line>
      <![CDATA[Trying to start browser and getting application ready]]>
    </line>
    <line>
      <![CDATA[Trying to start browser and getting application started]]>
    </line>
    <line>
      <![CDATA[Test is about to end ]]>
    </line>
    <line>
      <![CDATA[Test completed report generated ]]>
    </line>
    <line>
      <![CDATA[setting up and Test is getting ready]]>
    </line>
  </reporter-output>
  <suite started-at="2022-08-11T08:12:19Z" name="Suite" finished-at="2022-08-11T08:12:39Z" duration-ms="20164">
    <groups>
    </groups>
    <test started-at="2022-08-11T08:12:19Z" name="Test" finished-at="2022-08-11T08:12:39Z" duration-ms="20164">
      <class name="com.learnautomation.testcases.LoginTestorsngeHRM">
        <test-method is-config="true" signature="setupsuite()[pri:0, instance:com.learnautomation.testcases.LoginTestorsngeHRM@235ecd9f]" started-at="2022-08-11T01:12:18Z" name="setupsuite" finished-at="2022-08-11T01:12:19Z" duration-ms="1328" status="PASS">
          <reporter-output>
            <line>
              <![CDATA[setting up and Test is getting ready]]>
            </line>
            <line>
              <![CDATA[setting up and Test can be started]]>
            </line>
          </reporter-output>
        </test-method> <!-- setupsuite -->
        <test-method is-config="true" signature="setup()[pri:0, instance:com.learnautomation.testcases.LoginTestorsngeHRM@235ecd9f]" started-at="2022-08-11T01:12:19Z" name="setup" finished-at="2022-08-11T01:12:31Z" duration-ms="12504" status="PASS">
          <reporter-output>
            <line>
              <![CDATA[Trying to start browser and getting application ready]]>
            </line>
            <line>
              <![CDATA[Trying to start browser and getting application started]]>
            </line>
          </reporter-output>
        </test-method> <!-- setup -->
        <test-method signature="loginAPP()[pri:0, instance:com.learnautomation.testcases.LoginTestorsngeHRM@235ecd9f]" started-at="2022-08-11T01:12:31Z" name="loginAPP" finished-at="2022-08-11T01:12:37Z" duration-ms="5677" status="PASS">
          <reporter-output>
          </reporter-output>
        </test-method> <!-- loginAPP -->
        <test-method is-config="true" signature="Teardown(org.testng.ITestResult)[pri:0, instance:com.learnautomation.testcases.LoginTestorsngeHRM@235ecd9f]" started-at="2022-08-11T01:12:37Z" name="Teardown" finished-at="2022-08-11T01:12:38Z" duration-ms="1274" status="PASS">
          <params>
            <param index="0">
              <value>
                <![CDATA[[TestResult name=loginAPP status=SUCCESS method=LoginTestorsngeHRM.loginAPP()[pri:0, instance:com.learnautomation.testcases.LoginTestorsngeHRM@235ecd9f] output={null}]]]>
              </value>
            </param>
          </params>
          <reporter-output>
            <line>
              <![CDATA[Test is about to end ]]>
            </line>
            <line>
              <![CDATA[Test completed report generated ]]>
            </line>
          </reporter-output>
        </test-method> <!-- Teardown -->
        <test-method is-config="true" signature="teardown()[pri:0, instance:com.learnautomation.testcases.LoginTestorsngeHRM@235ecd9f]" started-at="2022-08-11T01:12:38Z" name="teardown" finished-at="2022-08-11T01:12:39Z" duration-ms="686" status="PASS">
          <reporter-output>
            <line>
              <![CDATA[setting up and Test is getting ready]]>
            </line>
          </reporter-output>
        </test-method> <!-- teardown -->
      </class> <!-- com.learnautomation.testcases.LoginTestorsngeHRM -->
    </test> <!-- Test -->
  </suite> <!-- Suite -->
</testng-results>
